<?xml version="1.0" encoding="UTF-8"?>
<!-- Generated by org.testng.reporters.JUnitReportReporter -->
<testsuite hostname="AS101353" failures="0" tests="1" name="feature.TestRunner" time="0.400" errors="0" timestamp="2022-12-07T23:29:45 CST" skipped="0">
  <testcase classname="feature.TestRunner" name="runScenario" time="0.400"/>
  <system-out/>
</testsuite> <!-- feature.TestRunner -->
