<?xml version="1.0" encoding="UTF-8"?>
<!-- Generated by org.testng.reporters.JUnitReportReporter -->
<testsuite hostname="AS101353" failures="0" tests="3" name="tests.LoginTest" time="0.028" errors="0" timestamp="2022-12-07T23:29:45 CST" skipped="0">
  <testcase classname="tests.LoginTest" name="dp" time="0.017"/>
  <system-out/>
  <testcase classname="tests.LoginTest" name="dp" time="0.003"/>
  <system-out/>
  <testcase classname="tests.LoginTest" name="test1" time="0.008"/>
  <system-out/>
</testsuite> <!-- tests.LoginTest -->
